node:internal/modules/cjs/loader:1228
  throw err;
  ^

Error: Cannot find module 'axios'
Require stack:
- D:\pr1\backend\controllers\recipeController.js
- D:\pr1\backend\routes\recipeRoutes.js
- D:\pr1\backend\serveer.js
    at Function._resolveFilename (node:internal/modules/cjs/loader:1225:15)
    at Function._load (node:internal/modules/cjs/loader:1055:27)
    at TracingChannel.traceSync (node:diagnostics_channel:322:14)
    at wrapModuleLoad (node:internal/modules/cjs/loader:220:24)
    at Module.require (node:internal/modules/cjs/loader:1311:12)
    at require (node:internal/modules/helpers:136:16)
    at Object.<anonymous> (D:\pr1\backend\controllers\recipeController.js:2:15)
    at Module._compile (node:internal/modules/cjs/loader:1554:14)
    at Object..js (node:internal/modules/cjs/loader:1706:10)
    at Module.load (node:internal/modules/cjs/loader:1289:32) {
  code: 'MODULE_NOT_FOUND',
  requireStack: [
    'D:\\pr1\\backend\\controllers\\recipeController.js',
    'D:\\pr1\\backend\\routes\\recipeRoutes.js',
    'D:\\pr1\\backend\\serveer.js'
  ]
}

Node.js v22.14.0
